Sat Aug 02 19:09:59 CDT 2014 chessPackage.Chess Engine | INFO | Current Title is: White Pawn (E2)
Sat Aug 02 19:09:59 CDT 2014 chessPackage.Chess whiteMovementHandler | INFO | Available Moves:  [4, 5] [4, 4]
Sat Aug 02 19:09:59 CDT 2014 chessPackage.Chess setPiece | INFO | You have set White Pawn (E2) on to [4, 5]
Sat Aug 02 19:09:59 CDT 2014 chessPackage.Chess Engine | FINE | You have done a valid move | FINE |
Sat Aug 02 19:10:00 CDT 2014 chessPackage.Chess Engine | INFO | Current Title is: Black Pawn (A7)
Sat Aug 02 19:10:00 CDT 2014 chessPackage.Chess blackMovementHandler | INFO | Available Moves:  [0, 2] [0, 3]
Sat Aug 02 19:10:00 CDT 2014 chessPackage.Chess setPiece | INFO | You have set Black Pawn (A7) on to [0, 2]
Sat Aug 02 19:10:00 CDT 2014 chessPackage.Chess Engine | FINE | You have done a valid move | FINE |
Sat Aug 02 19:10:01 CDT 2014 chessPackage.Chess Engine | INFO | Current Title is: White Queen (D1)
Sat Aug 02 19:10:01 CDT 2014 chessPackage.Chess whiteMovementHandler | INFO | Available Moves:  [4, 6] [5, 5] [6, 4] [7, 3]
Sat Aug 02 19:10:01 CDT 2014 chessPackage.Chess setPiece | INFO | You have set White Queen (D1) on to [5, 5]
Sat Aug 02 19:10:01 CDT 2014 chessPackage.Chess Engine | FINE | You have done a valid move | FINE |
Sat Aug 02 19:10:02 CDT 2014 chessPackage.Chess Engine | INFO | Current Title is: Black Pawn (A7)
Sat Aug 02 19:10:02 CDT 2014 chessPackage.Chess blackMovementHandler | INFO | Available Moves:  [0, 3]
Sat Aug 02 19:10:02 CDT 2014 chessPackage.Chess setPiece | INFO | You have set Black Pawn (A7) on to [0, 3]
Sat Aug 02 19:10:02 CDT 2014 chessPackage.Chess Engine | FINE | You have done a valid move | FINE |
Sat Aug 02 19:10:05 CDT 2014 chessPackage.Chess Engine | INFO | Current Title is: White Bishop (F1)
Sat Aug 02 19:10:05 CDT 2014 chessPackage.Chess whiteMovementHandler | INFO | Available Moves:  [4, 6] [3, 5] [2, 4] [1, 3] [0, 2]
Sat Aug 02 19:10:05 CDT 2014 chessPackage.Chess setPiece | INFO | You have set White Bishop (F1) on to [2, 4]
Sat Aug 02 19:10:05 CDT 2014 chessPackage.Chess Engine | FINE | You have done a valid move | FINE |
Sat Aug 02 19:10:05 CDT 2014 chessPackage.Chess Engine | INFO | Current Title is: Black Pawn (A7)
Sat Aug 02 19:10:05 CDT 2014 chessPackage.Chess blackMovementHandler | INFO | Available Moves:  [0, 4]
Sat Aug 02 19:10:06 CDT 2014 chessPackage.Chess setPiece | INFO | You have set Black Pawn (A7) on to [0, 4]
Sat Aug 02 19:10:06 CDT 2014 chessPackage.Chess Engine | FINE | You have done a valid move | FINE |
Sat Aug 02 19:10:06 CDT 2014 chessPackage.Chess Engine | INFO | Current Title is: White Queen (D1)
Sat Aug 02 19:10:06 CDT 2014 chessPackage.Chess whiteMovementHandler | INFO | Available Moves:  [5, 4] [5, 3] [5, 2] [5, 1] [6, 5] [7, 5] [4, 4] [3, 3] [2, 2] [1, 1] [6, 4] [7, 3] [4, 6] [3, 7]
Sat Aug 02 19:10:07 CDT 2014 chessPackage.Chess setPiece | INFO | You have set White Queen (D1) on to [5, 1]
Sat Aug 02 19:10:07 CDT 2014 chessPackage.Chess Engine | FINE | You have done a valid move | FINE |
Sat Aug 02 19:10:07 CDT 2014 chessPackage.Chess Engine | INFO | Black King in Check
Sat Aug 02 19:10:07 CDT 2014 chessPackage.Chess Engine | INFO | Black King in Checkmate. White wins!
Sat Aug 02 19:10:20 CDT 2014 chessPackage.Chess Engine | INFO | Current Title is: White Pawn (E2)
Sat Aug 02 19:10:20 CDT 2014 chessPackage.Chess whiteMovementHandler | INFO | Available Moves:  [4, 5] [4, 4]
Sat Aug 02 19:10:20 CDT 2014 chessPackage.Chess setPiece | INFO | You have set White Pawn (E2) on to [4, 5]
Sat Aug 02 19:10:20 CDT 2014 chessPackage.Chess Engine | FINE | You have done a valid move | FINE |
Sat Aug 02 19:10:20 CDT 2014 chessPackage.Chess Engine | INFO | Black King in Check
Sat Aug 02 19:10:20 CDT 2014 chessPackage.Chess Engine | INFO | Current Title is: Black Pawn (A7)
Sat Aug 02 19:10:20 CDT 2014 chessPackage.Chess blackMovementHandler | INFO | Available Moves:  [0, 2] [0, 3]
Sat Aug 02 19:10:21 CDT 2014 chessPackage.Chess setPiece | INFO | You have set Black Pawn (A7) on to [0, 2]
Sat Aug 02 19:10:21 CDT 2014 chessPackage.Chess Engine | FINE | You have done a valid move | FINE |
Sat Aug 02 19:10:21 CDT 2014 chessPackage.Chess Engine | INFO | Current Title is: White Queen (D1)
Sat Aug 02 19:10:21 CDT 2014 chessPackage.Chess whiteMovementHandler | INFO | Available Moves:  [4, 6] [5, 5] [6, 4] [7, 3]
Sat Aug 02 19:10:22 CDT 2014 chessPackage.Chess setPiece | INFO | You have set White Queen (D1) on to [5, 5]
Sat Aug 02 19:10:22 CDT 2014 chessPackage.Chess Engine | FINE | You have done a valid move | FINE |
Sat Aug 02 19:10:22 CDT 2014 chessPackage.Chess Engine | INFO | Current Title is: Black Pawn (A7)
Sat Aug 02 19:10:22 CDT 2014 chessPackage.Chess blackMovementHandler | INFO | Available Moves:  [0, 3]
Sat Aug 02 19:10:22 CDT 2014 chessPackage.Chess setPiece | INFO | You have set Black Pawn (A7) on to [0, 3]
Sat Aug 02 19:10:22 CDT 2014 chessPackage.Chess Engine | FINE | You have done a valid move | FINE |
Sat Aug 02 19:10:23 CDT 2014 chessPackage.Chess Engine | INFO | Current Title is: White Queen (D1)
Sat Aug 02 19:10:23 CDT 2014 chessPackage.Chess whiteMovementHandler | INFO | Available Moves:  [5, 4] [5, 3] [5, 2] [5, 1] [6, 5] [7, 5] [4, 4] [3, 3] [2, 2] [1, 1] [6, 4] [7, 3] [4, 6] [3, 7]
Sat Aug 02 19:10:24 CDT 2014 chessPackage.Chess setPiece | INFO | You have set White Queen (D1) on to [5, 1]
Sat Aug 02 19:10:24 CDT 2014 chessPackage.Chess Engine | FINE | You have done a valid move | FINE |
Sat Aug 02 19:10:24 CDT 2014 chessPackage.Chess Engine | INFO | Black King in Check
